<?xml version="1.0" encoding="UTF-8"?>
<testsuite name="TestBuilder" tests="3" skipped="0" failures="0" errors="0" timestamp="2026-06-10T03:38:05" hostname="BLAIR" time="0.013">
  <properties/>
  <testcase name="testBuildHourlyEmployeeFromCSV()" classname="TestBuilder" time="0.011"/>
  <testcase name="testBuildTimeCardFromCSV()" classname="TestBuilder" time="0.001"/>
  <testcase name="testBuildSalaryEmployeeFromCSV()" classname="TestBuilder" time="0.001"/>
  <system-out><![CDATA[]]></system-out>
  <system-err><![CDATA[]]></system-err>
</testsuite>
